Info: Starting: Create block symbol file (.bsf)
Info: ip-generate --project-directory=C:/Users/mz/Desktop/eece381/timer/ --output-directory=C:/Users/mz/Desktop/eece381/timer/IntervalTimer/ --report-file=bsf:C:/Users/mz/Desktop/eece381/timer/IntervalTimer.bsf --system-info=DEVICE_FAMILY="Cyclone II" --system-info=DEVICE=EP2C35F672C6 --system-info=DEVICE_SPEEDGRADE=6 --component-file=C:/Users/mz/Desktop/eece381/timer/IntervalTimer.qsys
Progress: Loading timer/IntervalTimer.qsys
Progress: Reading input file
Progress: Adding clk_0 [clock_source 13.0]
Progress: Parameterizing module clk_0
Progress: Adding nios2_qsys_0 [altera_nios2_qsys 13.0]
Progress: Parameterizing module nios2_qsys_0
Progress: Adding timer_0 [altera_avalon_timer 13.0.1.99.2]
Progress: Parameterizing module timer_0
Progress: Adding onchip_memory2_0 [altera_avalon_onchip_memory2 13.0.1.99.2]
Progress: Parameterizing module onchip_memory2_0
Progress: Adding new_sdram_controller_0 [altera_avalon_new_sdram_controller 13.0.1.99.2]
Progress: Parameterizing module new_sdram_controller_0
Progress: Building connections
Progress: Parameterizing connections
Progress: Validating
Progress: Done reading input file
Info: ip-generate succeeded.
Info: Finished: Create block symbol file (.bsf)
Info: 
Info: Starting: Create HDL design files for synthesis
Info: ip-generate --project-directory=C:/Users/mz/Desktop/eece381/timer/ --output-directory=C:/Users/mz/Desktop/eece381/timer/IntervalTimer/synthesis/ --file-set=QUARTUS_SYNTH --report-file=sopcinfo:C:/Users/mz/Desktop/eece381/timer/IntervalTimer.sopcinfo --report-file=html:C:/Users/mz/Desktop/eece381/timer/IntervalTimer.html --report-file=qip:C:/Users/mz/Desktop/eece381/timer/IntervalTimer/synthesis/IntervalTimer.qip --report-file=cmp:C:/Users/mz/Desktop/eece381/timer/IntervalTimer.cmp --report-file=svd --system-info=DEVICE_FAMILY="Cyclone II" --system-info=DEVICE=EP2C35F672C6 --system-info=DEVICE_SPEEDGRADE=6 --component-file=C:/Users/mz/Desktop/eece381/timer/IntervalTimer.qsys --language=VERILOG
Progress: Loading timer/IntervalTimer.qsys
Progress: Reading input file
Progress: Adding clk_0 [clock_source 13.0]
Progress: Parameterizing module clk_0
Progress: Adding nios2_qsys_0 [altera_nios2_qsys 13.0]
Progress: Parameterizing module nios2_qsys_0
Progress: Adding timer_0 [altera_avalon_timer 13.0.1.99.2]
Progress: Parameterizing module timer_0
Progress: Adding onchip_memory2_0 [altera_avalon_onchip_memory2 13.0.1.99.2]
Progress: Parameterizing module onchip_memory2_0
Progress: Adding new_sdram_controller_0 [altera_avalon_new_sdram_controller 13.0.1.99.2]
Progress: Parameterizing module new_sdram_controller_0
Progress: Building connections
Progress: Parameterizing connections
Progress: Validating
Progress: Done reading input file
Info: IntervalTimer: Generating IntervalTimer "IntervalTimer" for QUARTUS_SYNTH
Info: pipeline_bridge_swap_transform: After transform: 5 modules, 22 connections
Info: No custom instruction connections, skipping transform 
Info: merlin_translator_transform: After transform: 11 modules, 46 connections
Info: merlin_domain_transform: After transform: 22 modules, 116 connections
Info: merlin_router_transform: After transform: 28 modules, 140 connections
Info: reset_adaptation_transform: After transform: 29 modules, 111 connections
Info: merlin_network_to_switch_transform: After transform: 40 modules, 139 connections
Info: merlin_mm_transform: After transform: 40 modules, 139 connections
Info: merlin_interrupt_mapper_transform: After transform: 41 modules, 142 connections
Warning: IntervalTimer: "No matching role found for rst_controller:reset_out:reset_req (reset_req)"
Warning: IntervalTimer: "No matching role found for rst_controller:reset_out:reset_req (reset_req)"
Warning: IntervalTimer: "No matching role found for rst_controller:reset_out:reset_req (reset_req)"
Warning: IntervalTimer: "No matching role found for rst_controller:reset_out:reset_req (reset_req)"
Warning: IntervalTimer: "No matching role found for rst_controller:reset_out:reset_req (reset_req)"
Warning: IntervalTimer: "No matching role found for rst_controller:reset_out:reset_req (reset_req)"
Warning: IntervalTimer: "No matching role found for rst_controller:reset_out:reset_req (reset_req)"
Warning: IntervalTimer: "No matching role found for rst_controller:reset_out:reset_req (reset_req)"
Warning: IntervalTimer: "No matching role found for rst_controller:reset_out:reset_req (reset_req)"
Warning: IntervalTimer: "No matching role found for rst_controller:reset_out:reset_req (reset_req)"
Warning: IntervalTimer: "No matching role found for rst_controller:reset_out:reset_req (reset_req)"
Warning: IntervalTimer: "No matching role found for rst_controller:reset_out:reset_req (reset_req)"
Warning: IntervalTimer: "No matching role found for rst_controller:reset_out:reset_req (reset_req)"
Warning: IntervalTimer: "No matching role found for rst_controller:reset_out:reset_req (reset_req)"
Warning: IntervalTimer: "No matching role found for rst_controller:reset_out:reset_req (reset_req)"
Warning: IntervalTimer: "No matching role found for rst_controller:reset_out:reset_req (reset_req)"
Warning: IntervalTimer: "No matching role found for rst_controller:reset_out:reset_req (reset_req)"
Warning: IntervalTimer: "No matching role found for rst_controller:reset_out:reset_req (reset_req)"
Warning: IntervalTimer: "No matching role found for rst_controller:reset_out:reset_req (reset_req)"
Warning: IntervalTimer: "No matching role found for rst_controller:reset_out:reset_req (reset_req)"
Warning: IntervalTimer: "No matching role found for rst_controller:reset_out:reset_req (reset_req)"
Warning: IntervalTimer: "No matching role found for rst_controller:reset_out:reset_req (reset_req)"
Warning: IntervalTimer: "No matching role found for rst_controller:reset_out:reset_req (reset_req)"
Warning: IntervalTimer: "No matching role found for rst_controller:reset_out:reset_req (reset_req)"
Warning: IntervalTimer: "No matching role found for rst_controller:reset_out:reset_req (reset_req)"
Warning: IntervalTimer: "No matching role found for rst_controller:reset_out:reset_req (reset_req)"
Warning: IntervalTimer: "No matching role found for rst_controller:reset_out:reset_req (reset_req)"
Warning: IntervalTimer: "No matching role found for rst_controller:reset_out:reset_req (reset_req)"
Warning: IntervalTimer: "No matching role found for rst_controller:reset_out:reset_req (reset_req)"
Warning: IntervalTimer: "No matching role found for rst_controller:reset_out:reset_req (reset_req)"
Warning: IntervalTimer: "No matching role found for rst_controller:reset_out:reset_req (reset_req)"
Warning: IntervalTimer: "No matching role found for rst_controller:reset_out:reset_req (reset_req)"
Warning: IntervalTimer: "No matching role found for rst_controller:reset_out:reset_req (reset_req)"
Warning: IntervalTimer: "No matching role found for rst_controller:reset_out:reset_req (reset_req)"
Warning: IntervalTimer: "No matching role found for rst_controller:reset_out:reset_req (reset_req)"
Warning: IntervalTimer: "No matching role found for rst_controller:reset_out:reset_req (reset_req)"
Warning: IntervalTimer: "No matching role found for rst_controller:reset_out:reset_req (reset_req)"
Warning: IntervalTimer: "No matching role found for rst_controller:reset_out:reset_req (reset_req)"
Info: nios2_qsys_0: Starting RTL generation for module 'IntervalTimer_nios2_qsys_0'
Info: nios2_qsys_0:   Generation command is [exec C:/altera/13.0sp1/quartus/../ip/altera/nios2_ip/altera_nios2/eperl.exe -I C:/altera/13.0sp1/quartus/common/ip/altera/common/perl/5.8.3 -I C:/altera/13.0sp1/quartus/sopc_builder/bin/europa -I C:/altera/13.0sp1/quartus/sopc_builder/bin/perl_lib -I C:/altera/13.0sp1/quartus/sopc_builder/bin -I C:/altera/13.0sp1/quartus/../ip/altera/nios2_ip/altera_nios2/cpu_lib -I C:/altera/13.0sp1/quartus/../ip/altera/nios2_ip/altera_nios2/nios_lib -I C:/altera/13.0sp1/quartus/../ip/altera/nios2_ip/altera_nios2 -I C:/altera/13.0sp1/quartus/../ip/altera/nios2_ip/altera_nios2 -- C:/altera/13.0sp1/quartus/../ip/altera/nios2_ip/altera_nios2/generate_rtl.epl --name=IntervalTimer_nios2_qsys_0 --dir=C:/Users/mz/AppData/Local/Temp/alt6336_2976466042720343493.dir/0017_nios2_qsys_0_gen/ --quartus_dir=C:/altera/13.0sp1/quartus --verilog --config=C:/Users/mz/AppData/Local/Temp/alt6336_2976466042720343493.dir/0017_nios2_qsys_0_gen//IntervalTimer_nios2_qsys_0_processor_configuration.pl  --do_build_sim=0    --bogus  ]
Info: nios2_qsys_0: # 2014.09.23 11:16:46 (*) Starting Nios II generation
Info: nios2_qsys_0: # 2014.09.23 11:16:46 (*)   Checking for plaintext license.
Info: nios2_qsys_0: # 2014.09.23 11:16:48 (*)   Couldn't query license setup in Quartus directory C:/altera/13.0sp1/quartus
Info: nios2_qsys_0: # 2014.09.23 11:16:48 (*)   Defaulting to contents of LM_LICENSE_FILE environment variable
Info: nios2_qsys_0: # 2014.09.23 11:16:48 (*)   LM_LICENSE_FILE environment variable is empty
Info: nios2_qsys_0: # 2014.09.23 11:16:48 (*)   Plaintext license not found.
Info: nios2_qsys_0: # 2014.09.23 11:16:48 (*)   No license required to generate encrypted Nios II/e.
Info: nios2_qsys_0: # 2014.09.23 11:16:48 (*)   Elaborating CPU configuration settings
Info: nios2_qsys_0: # 2014.09.23 11:16:48 (*)   Creating all objects for CPU
Info: nios2_qsys_0: # 2014.09.23 11:16:49 (*)   Generating RTL from CPU objects
Info: nios2_qsys_0: # 2014.09.23 11:16:49 (*)   Creating plain-text RTL
Info: nios2_qsys_0: # 2014.09.23 11:16:53 (*) Done Nios II generation
Info: nios2_qsys_0: Done RTL generation for module 'IntervalTimer_nios2_qsys_0'
Info: nios2_qsys_0: "IntervalTimer" instantiated altera_nios2_qsys "nios2_qsys_0"
Info: timer_0: Starting RTL generation for module 'IntervalTimer_timer_0'
Info: timer_0:   Generation command is [exec C:/altera/13.0sp1/quartus/bin/perl/bin/perl.exe -I C:/altera/13.0sp1/quartus/common/ip/altera/common/perl/5.8.3 -I C:/altera/13.0sp1/quartus/sopc_builder/bin/europa -I C:/altera/13.0sp1/quartus/sopc_builder/bin/perl_lib -I C:/altera/13.0sp1/quartus/sopc_builder/bin -I C:/altera/13.0sp1/quartus/../ip/altera/sopc_builder_ip/common -I C:/altera/13.0sp1/quartus/../ip/altera/sopc_builder_ip/altera_avalon_timer -- C:/altera/13.0sp1/quartus/../ip/altera/sopc_builder_ip/altera_avalon_timer/generate_rtl.pl --name=IntervalTimer_timer_0 --dir=C:/Users/mz/AppData/Local/Temp/alt6336_2976466042720343493.dir/0018_timer_0_gen/ --quartus_dir=C:/altera/13.0sp1/quartus --verilog --config=C:/Users/mz/AppData/Local/Temp/alt6336_2976466042720343493.dir/0018_timer_0_gen//IntervalTimer_timer_0_component_configuration.pl  --do_build_sim=0  ]
Info: timer_0: Done RTL generation for module 'IntervalTimer_timer_0'
Info: timer_0: "IntervalTimer" instantiated altera_avalon_timer "timer_0"
Info: onchip_memory2_0: Starting RTL generation for module 'IntervalTimer_onchip_memory2_0'
Info: onchip_memory2_0:   Generation command is [exec C:/altera/13.0sp1/quartus/bin/perl/bin/perl.exe -I C:/altera/13.0sp1/quartus/common/ip/altera/common/perl/5.8.3 -I C:/altera/13.0sp1/quartus/sopc_builder/bin/europa -I C:/altera/13.0sp1/quartus/sopc_builder/bin/perl_lib -I C:/altera/13.0sp1/quartus/sopc_builder/bin -I C:/altera/13.0sp1/quartus/../ip/altera/sopc_builder_ip/common -I C:/altera/13.0sp1/quartus/../ip/altera/sopc_builder_ip/altera_avalon_onchip_memory2 -- C:/altera/13.0sp1/quartus/../ip/altera/sopc_builder_ip/altera_avalon_onchip_memory2/generate_rtl.pl --name=IntervalTimer_onchip_memory2_0 --dir=C:/Users/mz/AppData/Local/Temp/alt6336_2976466042720343493.dir/0019_onchip_memory2_0_gen/ --quartus_dir=C:/altera/13.0sp1/quartus --verilog --config=C:/Users/mz/AppData/Local/Temp/alt6336_2976466042720343493.dir/0019_onchip_memory2_0_gen//IntervalTimer_onchip_memory2_0_component_configuration.pl  --do_build_sim=0  ]
Info: onchip_memory2_0: Done RTL generation for module 'IntervalTimer_onchip_memory2_0'
Info: onchip_memory2_0: "IntervalTimer" instantiated altera_avalon_onchip_memory2 "onchip_memory2_0"
Info: new_sdram_controller_0: Starting RTL generation for module 'IntervalTimer_new_sdram_controller_0'
Info: new_sdram_controller_0:   Generation command is [exec C:/altera/13.0sp1/quartus/bin/perl/bin/perl.exe -I C:/altera/13.0sp1/quartus/common/ip/altera/common/perl/5.8.3 -I C:/altera/13.0sp1/quartus/sopc_builder/bin/europa -I C:/altera/13.0sp1/quartus/sopc_builder/bin/perl_lib -I C:/altera/13.0sp1/quartus/sopc_builder/bin -I C:/altera/13.0sp1/quartus/../ip/altera/sopc_builder_ip/common -I C:/altera/13.0sp1/quartus/../ip/altera/sopc_builder_ip/altera_avalon_new_sdram_controller -- C:/altera/13.0sp1/quartus/../ip/altera/sopc_builder_ip/altera_avalon_new_sdram_controller/generate_rtl.pl --name=IntervalTimer_new_sdram_controller_0 --dir=C:/Users/mz/AppData/Local/Temp/alt6336_2976466042720343493.dir/0020_new_sdram_controller_0_gen/ --quartus_dir=C:/altera/13.0sp1/quartus --verilog --config=C:/Users/mz/AppData/Local/Temp/alt6336_2976466042720343493.dir/0020_new_sdram_controller_0_gen//IntervalTimer_new_sdram_controller_0_component_configuration.pl  --do_build_sim=0  ]
Info: new_sdram_controller_0: Done RTL generation for module 'IntervalTimer_new_sdram_controller_0'
Info: new_sdram_controller_0: "IntervalTimer" instantiated altera_avalon_new_sdram_controller "new_sdram_controller_0"
Info: nios2_qsys_0_data_master_translator: "IntervalTimer" instantiated altera_merlin_master_translator "nios2_qsys_0_data_master_translator"
Info: nios2_qsys_0_jtag_debug_module_translator: "IntervalTimer" instantiated altera_merlin_slave_translator "nios2_qsys_0_jtag_debug_module_translator"
Info: nios2_qsys_0_data_master_translator_avalon_universal_master_0_agent: "IntervalTimer" instantiated altera_merlin_master_agent "nios2_qsys_0_data_master_translator_avalon_universal_master_0_agent"
Info: nios2_qsys_0_jtag_debug_module_translator_avalon_universal_slave_0_agent: "IntervalTimer" instantiated altera_merlin_slave_agent "nios2_qsys_0_jtag_debug_module_translator_avalon_universal_slave_0_agent"
Info: nios2_qsys_0_jtag_debug_module_translator_avalon_universal_slave_0_agent_rsp_fifo: "IntervalTimer" instantiated altera_avalon_sc_fifo "nios2_qsys_0_jtag_debug_module_translator_avalon_universal_slave_0_agent_rsp_fifo"
Info: addr_router: "IntervalTimer" instantiated altera_merlin_router "addr_router"
Info: id_router: "IntervalTimer" instantiated altera_merlin_router "id_router"
Info: rst_controller: "IntervalTimer" instantiated altera_reset_controller "rst_controller"
Info: cmd_xbar_demux: "IntervalTimer" instantiated altera_merlin_demultiplexer "cmd_xbar_demux"
Info: cmd_xbar_mux: "IntervalTimer" instantiated altera_merlin_multiplexer "cmd_xbar_mux"
Info: rsp_xbar_demux: "IntervalTimer" instantiated altera_merlin_demultiplexer "rsp_xbar_demux"
Info: rsp_xbar_mux: "IntervalTimer" instantiated altera_merlin_multiplexer "rsp_xbar_mux"
Info: Reusing file C:/Users/mz/Desktop/eece381/timer/IntervalTimer/synthesis/submodules/altera_merlin_arbitrator.sv
Info: irq_mapper: "IntervalTimer" instantiated altera_irq_mapper "irq_mapper"
Info: IntervalTimer: Done IntervalTimer" with 18 modules, 62 files, 1176278 bytes
Info: ip-generate succeeded.
Info: Finished: Create HDL design files for synthesis
